{"/Users/danpercic/Desktop/Repos/Personal/helpful-decorators/src/bind.ts": {"path":"/Users/danpercic/Desktop/Repos/Personal/helpful-decorators/src/bind.ts","statementMap":{"0":{"start":{"line":10,"column":2},"end":{"line":28,"column":4}},"1":{"start":{"line":11,"column":4},"end":{"line":13,"column":null}},"2":{"start":{"line":12,"column":6},"end":{"line":12,"column":113}},"3":{"start":{"line":15,"column":4},"end":{"line":27,"column":6}},"4":{"start":{"line":19,"column":31},"end":{"line":19,"column":59}},"5":{"start":{"line":20,"column":8},"end":{"line":24,"column":11}},"6":{"start":{"line":25,"column":8},"end":{"line":25,"column":27}},"7":{"start":{"line":9,"column":0},"end":{"line":9,"column":16}}},"fnMap":{"0":{"name":"Bind","decl":{"start":{"line":9,"column":16},"end":{"line":9,"column":20}},"loc":{"start":{"line":9,"column":20},"end":{"line":29,"column":1}}},"1":{"name":"_bind","decl":{"start":{"line":10,"column":18},"end":{"line":10,"column":23}},"loc":{"start":{"line":10,"column":108},"end":{"line":28,"column":3}}},"2":{"name":"(anonymous_2)","decl":{"start":{"line":17,"column":6},"end":{"line":17,"column":9}},"loc":{"start":{"line":17,"column":9},"end":{"line":26,"column":7}}}},"branchMap":{"0":{"loc":{"start":{"line":11,"column":4},"end":{"line":13,"column":null}},"type":"if","locations":[{"start":{"line":11,"column":4},"end":{"line":13,"column":null}},{"start":{"line":11,"column":4},"end":{"line":13,"column":null}}]}},"s":{"0":0,"1":0,"2":0,"3":0,"4":0,"5":0,"6":0,"7":1},"f":{"0":0,"1":0,"2":0},"b":{"0":[0,0]}}
,"/Users/danpercic/Desktop/Repos/Personal/helpful-decorators/src/debounce.ts": {"path":"/Users/danpercic/Desktop/Repos/Personal/helpful-decorators/src/debounce.ts","statementMap":{"0":{"start":{"line":1,"column":0},"end":{"line":1,"column":39}},"1":{"start":{"line":10,"column":2},"end":{"line":24,"column":4}},"2":{"start":{"line":11,"column":16},"end":{"line":11,"column":29}},"3":{"start":{"line":12,"column":24},"end":{"line":12,"column":44}},"4":{"start":{"line":14,"column":4},"end":{"line":21,"column":6}},"5":{"start":{"line":15,"column":22},"end":{"line":15,"column":35}},"6":{"start":{"line":16,"column":6},"end":{"line":19,"column":null}},"7":{"start":{"line":17,"column":8},"end":{"line":17,"column":81}},"8":{"start":{"line":18,"column":8},"end":{"line":18,"column":33}},"9":{"start":{"line":20,"column":6},"end":{"line":20,"column":32}},"10":{"start":{"line":23,"column":4},"end":{"line":23,"column":26}},"11":{"start":{"line":9,"column":0},"end":{"line":9,"column":16}}},"fnMap":{"0":{"name":"Debounce","decl":{"start":{"line":9,"column":16},"end":{"line":9,"column":24}},"loc":{"start":{"line":9,"column":69},"end":{"line":25,"column":1}}},"1":{"name":"_debounce","decl":{"start":{"line":10,"column":18},"end":{"line":10,"column":27}},"loc":{"start":{"line":10,"column":102},"end":{"line":24,"column":3}}},"2":{"name":"_new","decl":{"start":{"line":14,"column":36},"end":{"line":14,"column":40}},"loc":{"start":{"line":14,"column":59},"end":{"line":21,"column":5}}}},"branchMap":{"0":{"loc":{"start":{"line":9,"column":40},"end":{"line":9,"column":41}},"type":"default-arg","locations":[{"start":{"line":9,"column":40},"end":{"line":9,"column":41}}]},"1":{"loc":{"start":{"line":16,"column":6},"end":{"line":19,"column":null}},"type":"if","locations":[{"start":{"line":16,"column":6},"end":{"line":19,"column":null}},{"start":{"line":16,"column":6},"end":{"line":19,"column":null}}]}},"s":{"0":1,"1":1,"2":1,"3":1,"4":1,"5":2,"6":2,"7":2,"8":2,"9":2,"10":1,"11":1},"f":{"0":1,"1":1,"2":2},"b":{"0":[0],"1":[2,0]}}
,"/Users/danpercic/Desktop/Repos/Personal/helpful-decorators/src/delay.ts": {"path":"/Users/danpercic/Desktop/Repos/Personal/helpful-decorators/src/delay.ts","statementMap":{"0":{"start":{"line":2,"column":2},"end":{"line":11,"column":4}},"1":{"start":{"line":3,"column":27},"end":{"line":3,"column":43}},"2":{"start":{"line":5,"column":4},"end":{"line":9,"column":6}},"3":{"start":{"line":6,"column":6},"end":{"line":8,"column":23}},"4":{"start":{"line":7,"column":8},"end":{"line":7,"column":41}},"5":{"start":{"line":10,"column":4},"end":{"line":10,"column":22}},"6":{"start":{"line":1,"column":0},"end":{"line":1,"column":16}}},"fnMap":{"0":{"name":"Delay","decl":{"start":{"line":1,"column":16},"end":{"line":1,"column":21}},"loc":{"start":{"line":1,"column":46},"end":{"line":12,"column":1}}},"1":{"name":"_delay","decl":{"start":{"line":2,"column":18},"end":{"line":2,"column":24}},"loc":{"start":{"line":2,"column":94},"end":{"line":11,"column":3}}},"2":{"name":"_new","decl":{"start":{"line":5,"column":32},"end":{"line":5,"column":36}},"loc":{"start":{"line":5,"column":55},"end":{"line":9,"column":5}}},"3":{"name":"(anonymous_3)","decl":{"start":{"line":6,"column":17},"end":{"line":6,"column":20}},"loc":{"start":{"line":6,"column":22},"end":{"line":8,"column":7}}}},"branchMap":{"0":{"loc":{"start":{"line":1,"column":45},"end":{"line":1,"column":46}},"type":"default-arg","locations":[{"start":{"line":1,"column":45},"end":{"line":1,"column":46}}]}},"s":{"0":0,"1":0,"2":0,"3":0,"4":0,"5":0,"6":1},"f":{"0":0,"1":0,"2":0,"3":0},"b":{"0":[0]}}
,"/Users/danpercic/Desktop/Repos/Personal/helpful-decorators/src/index.ts": {"path":"/Users/danpercic/Desktop/Repos/Personal/helpful-decorators/src/index.ts","statementMap":{"0":{"start":{"line":1,"column":0},"end":{"line":1,"column":9}},"1":{"start":{"line":1,"column":9},"end":{"line":1,"column":36}},"2":{"start":{"line":2,"column":0},"end":{"line":2,"column":9}},"3":{"start":{"line":2,"column":9},"end":{"line":2,"column":32}},"4":{"start":{"line":3,"column":0},"end":{"line":3,"column":9}},"5":{"start":{"line":3,"column":9},"end":{"line":3,"column":38}},"6":{"start":{"line":4,"column":0},"end":{"line":4,"column":9}},"7":{"start":{"line":4,"column":9},"end":{"line":4,"column":38}},"8":{"start":{"line":5,"column":0},"end":{"line":5,"column":9}},"9":{"start":{"line":5,"column":9},"end":{"line":5,"column":30}},"10":{"start":{"line":6,"column":0},"end":{"line":6,"column":9}},"11":{"start":{"line":6,"column":9},"end":{"line":6,"column":32}},"12":{"start":{"line":7,"column":0},"end":{"line":7,"column":9}},"13":{"start":{"line":7,"column":9},"end":{"line":7,"column":33}},"14":{"start":{"line":8,"column":0},"end":{"line":8,"column":9}},"15":{"start":{"line":8,"column":9},"end":{"line":8,"column":30}},"16":{"start":{"line":9,"column":0},"end":{"line":9,"column":9}},"17":{"start":{"line":9,"column":9},"end":{"line":9,"column":34}}},"fnMap":{"0":{"name":"(anonymous_0)","decl":{"start":{"line":1,"column":9},"end":{"line":1,"column":16}},"loc":{"start":{"line":1,"column":9},"end":{"line":1,"column":36}}},"1":{"name":"(anonymous_1)","decl":{"start":{"line":2,"column":9},"end":{"line":2,"column":14}},"loc":{"start":{"line":2,"column":9},"end":{"line":2,"column":32}}},"2":{"name":"(anonymous_2)","decl":{"start":{"line":3,"column":9},"end":{"line":3,"column":17}},"loc":{"start":{"line":3,"column":9},"end":{"line":3,"column":38}}},"3":{"name":"(anonymous_3)","decl":{"start":{"line":4,"column":9},"end":{"line":4,"column":17}},"loc":{"start":{"line":4,"column":9},"end":{"line":4,"column":38}}},"4":{"name":"(anonymous_4)","decl":{"start":{"line":5,"column":9},"end":{"line":5,"column":13}},"loc":{"start":{"line":5,"column":9},"end":{"line":5,"column":30}}},"5":{"name":"(anonymous_5)","decl":{"start":{"line":6,"column":9},"end":{"line":6,"column":14}},"loc":{"start":{"line":6,"column":9},"end":{"line":6,"column":32}}},"6":{"name":"(anonymous_6)","decl":{"start":{"line":7,"column":9},"end":{"line":7,"column":13}},"loc":{"start":{"line":7,"column":9},"end":{"line":7,"column":33}}},"7":{"name":"(anonymous_7)","decl":{"start":{"line":8,"column":9},"end":{"line":8,"column":13}},"loc":{"start":{"line":8,"column":9},"end":{"line":8,"column":30}}},"8":{"name":"(anonymous_8)","decl":{"start":{"line":9,"column":9},"end":{"line":9,"column":15}},"loc":{"start":{"line":9,"column":9},"end":{"line":9,"column":34}}}},"branchMap":{},"s":{"0":1,"1":1,"2":1,"3":1,"4":1,"5":2,"6":1,"7":1,"8":1,"9":1,"10":1,"11":1,"12":1,"13":1,"14":1,"15":1,"16":1,"17":1},"f":{"0":0,"1":0,"2":1,"3":0,"4":0,"5":0,"6":0,"7":0,"8":0},"b":{}}
,"/Users/danpercic/Desktop/Repos/Personal/helpful-decorators/src/measure.ts": {"path":"/Users/danpercic/Desktop/Repos/Personal/helpful-decorators/src/measure.ts","statementMap":{"0":{"start":{"line":1,"column":0},"end":{"line":1,"column":41}},"1":{"start":{"line":4,"column":2},"end":{"line":17,"column":4}},"2":{"start":{"line":5,"column":24},"end":{"line":5,"column":44}},"3":{"start":{"line":6,"column":17},"end":{"line":6,"column":116}},"4":{"start":{"line":8,"column":4},"end":{"line":15,"column":6}},"5":{"start":{"line":9,"column":20},"end":{"line":9,"column":37}},"6":{"start":{"line":10,"column":21},"end":{"line":10,"column":55}},"7":{"start":{"line":11,"column":18},"end":{"line":11,"column":35}},"8":{"start":{"line":13,"column":6},"end":{"line":13,"column":84}},"9":{"start":{"line":14,"column":6},"end":{"line":14,"column":20}},"10":{"start":{"line":16,"column":4},"end":{"line":16,"column":26}},"11":{"start":{"line":3,"column":0},"end":{"line":3,"column":16}}},"fnMap":{"0":{"name":"Measure","decl":{"start":{"line":3,"column":16},"end":{"line":3,"column":23}},"loc":{"start":{"line":3,"column":23},"end":{"line":18,"column":1}}},"1":{"name":"_measure","decl":{"start":{"line":4,"column":18},"end":{"line":4,"column":26}},"loc":{"start":{"line":4,"column":99},"end":{"line":17,"column":3}}},"2":{"name":"_fn","decl":{"start":{"line":8,"column":36},"end":{"line":8,"column":39}},"loc":{"start":{"line":8,"column":58},"end":{"line":15,"column":5}}}},"branchMap":{"0":{"loc":{"start":{"line":6,"column":43},"end":{"line":6,"column":94}},"type":"cond-expr","locations":[{"start":{"line":6,"column":43},"end":{"line":6,"column":94}},{"start":{"line":6,"column":97},"end":{"line":6,"column":116}}]}},"s":{"0":1,"1":0,"2":0,"3":0,"4":0,"5":0,"6":0,"7":0,"8":0,"9":0,"10":0,"11":1},"f":{"0":0,"1":0,"2":0},"b":{"0":[0,0]}}
,"/Users/danpercic/Desktop/Repos/Personal/helpful-decorators/src/memoize.ts": {"path":"/Users/danpercic/Desktop/Repos/Personal/helpful-decorators/src/memoize.ts","statementMap":{"0":{"start":{"line":1,"column":18},"end":{"line":1,"column":43}},"1":{"start":{"line":4,"column":2},"end":{"line":7,"column":4}},"2":{"start":{"line":5,"column":4},"end":{"line":5,"column":61}},"3":{"start":{"line":6,"column":4},"end":{"line":6,"column":22}},"4":{"start":{"line":3,"column":0},"end":{"line":3,"column":16}}},"fnMap":{"0":{"name":"Memo","decl":{"start":{"line":3,"column":16},"end":{"line":3,"column":20}},"loc":{"start":{"line":3,"column":39},"end":{"line":8,"column":1}}},"1":{"name":"_memo","decl":{"start":{"line":4,"column":18},"end":{"line":4,"column":23}},"loc":{"start":{"line":4,"column":93},"end":{"line":7,"column":3}}}},"branchMap":{},"s":{"0":1,"1":0,"2":0,"3":0,"4":1},"f":{"0":0,"1":0},"b":{}}
,"/Users/danpercic/Desktop/Repos/Personal/helpful-decorators/src/mixin.ts": {"path":"/Users/danpercic/Desktop/Repos/Personal/helpful-decorators/src/mixin.ts","statementMap":{"0":{"start":{"line":2,"column":2},"end":{"line":8,"column":4}},"1":{"start":{"line":3,"column":4},"end":{"line":7,"column":7}},"2":{"start":{"line":4,"column":6},"end":{"line":6,"column":9}},"3":{"start":{"line":5,"column":8},"end":{"line":5,"column":73}},"4":{"start":{"line":1,"column":0},"end":{"line":1,"column":16}}},"fnMap":{"0":{"name":"Mixin","decl":{"start":{"line":1,"column":16},"end":{"line":1,"column":21}},"loc":{"start":{"line":1,"column":50},"end":{"line":9,"column":1}}},"1":{"name":"_mixin","decl":{"start":{"line":2,"column":18},"end":{"line":2,"column":24}},"loc":{"start":{"line":2,"column":53},"end":{"line":8,"column":3}}},"2":{"name":"(anonymous_2)","decl":{"start":{"line":3,"column":29},"end":{"line":3,"column":40}},"loc":{"start":{"line":3,"column":43},"end":{"line":7,"column":5}}},"3":{"name":"(anonymous_3)","decl":{"start":{"line":4,"column":64},"end":{"line":4,"column":68}},"loc":{"start":{"line":4,"column":71},"end":{"line":6,"column":7}}}},"branchMap":{},"s":{"0":0,"1":0,"2":0,"3":0,"4":1},"f":{"0":0,"1":0,"2":0,"3":0},"b":{}}
,"/Users/danpercic/Desktop/Repos/Personal/helpful-decorators/src/once.ts": {"path":"/Users/danpercic/Desktop/Repos/Personal/helpful-decorators/src/once.ts","statementMap":{"0":{"start":{"line":1,"column":15},"end":{"line":1,"column":37}},"1":{"start":{"line":4,"column":2},"end":{"line":8,"column":4}},"2":{"start":{"line":5,"column":27},"end":{"line":5,"column":43}},"3":{"start":{"line":6,"column":4},"end":{"line":6,"column":46}},"4":{"start":{"line":7,"column":4},"end":{"line":7,"column":22}},"5":{"start":{"line":3,"column":0},"end":{"line":3,"column":16}}},"fnMap":{"0":{"name":"Once","decl":{"start":{"line":3,"column":16},"end":{"line":3,"column":20}},"loc":{"start":{"line":3,"column":20},"end":{"line":9,"column":1}}},"1":{"name":"_once","decl":{"start":{"line":4,"column":18},"end":{"line":4,"column":23}},"loc":{"start":{"line":4,"column":93},"end":{"line":8,"column":3}}}},"branchMap":{},"s":{"0":1,"1":0,"2":0,"3":0,"4":0,"5":1},"f":{"0":0,"1":0},"b":{}}
,"/Users/danpercic/Desktop/Repos/Personal/helpful-decorators/src/sortby.ts": {"path":"/Users/danpercic/Desktop/Repos/Personal/helpful-decorators/src/sortby.ts","statementMap":{"0":{"start":{"line":1,"column":17},"end":{"line":5,"column":1}},"1":{"start":{"line":2,"column":2},"end":{"line":2,"column":23}},"2":{"start":{"line":2,"column":13},"end":{"line":2,"column":23}},"3":{"start":{"line":3,"column":2},"end":{"line":3,"column":22}},"4":{"start":{"line":3,"column":13},"end":{"line":3,"column":22}},"5":{"start":{"line":4,"column":2},"end":{"line":4,"column":11}},"6":{"start":{"line":25,"column":25},"end":{"line":25,"column":40}},"7":{"start":{"line":26,"column":2},"end":{"line":62,"column":4}},"8":{"start":{"line":31,"column":4},"end":{"line":61,"column":7}},"9":{"start":{"line":33,"column":8},"end":{"line":35,"column":null}},"10":{"start":{"line":34,"column":10},"end":{"line":34,"column":88}},"11":{"start":{"line":37,"column":27},"end":{"line":37,"column":50}},"12":{"start":{"line":38,"column":8},"end":{"line":56,"column":null}},"13":{"start":{"line":39,"column":10},"end":{"line":48,"column":13}},"14":{"start":{"line":40,"column":27},"end":{"line":42,"column":33}},"15":{"start":{"line":43,"column":27},"end":{"line":45,"column":33}},"16":{"start":{"line":46,"column":31},"end":{"line":46,"column":55}},"17":{"start":{"line":47,"column":12},"end":{"line":47,"column":71}},"18":{"start":{"line":50,"column":10},"end":{"line":55,"column":13}},"19":{"start":{"line":51,"column":27},"end":{"line":51,"column":55}},"20":{"start":{"line":52,"column":27},"end":{"line":52,"column":55}},"21":{"start":{"line":53,"column":31},"end":{"line":53,"column":55}},"22":{"start":{"line":54,"column":12},"end":{"line":54,"column":71}},"23":{"start":{"line":59,"column":8},"end":{"line":59,"column":36}},"24":{"start":{"line":21,"column":0},"end":{"line":21,"column":16}}},"fnMap":{"0":{"name":"(anonymous_0)","decl":{"start":{"line":1,"column":17},"end":{"line":1,"column":21}},"loc":{"start":{"line":1,"column":35},"end":{"line":5,"column":1}}},"1":{"name":"SortBy","decl":{"start":{"line":21,"column":16},"end":{"line":21,"column":22}},"loc":{"start":{"line":23,"column":49},"end":{"line":63,"column":1}}},"2":{"name":"_sortBy","decl":{"start":{"line":26,"column":18},"end":{"line":26,"column":25}},"loc":{"start":{"line":29,"column":36},"end":{"line":62,"column":3}}},"3":{"name":"(anonymous_3)","decl":{"start":{"line":32,"column":6},"end":{"line":32,"column":9}},"loc":{"start":{"line":32,"column":23},"end":{"line":57,"column":7}}},"4":{"name":"(anonymous_4)","decl":{"start":{"line":39,"column":42},"end":{"line":39,"column":43}},"loc":{"start":{"line":39,"column":61},"end":{"line":48,"column":11}}},"5":{"name":"(anonymous_5)","decl":{"start":{"line":50,"column":42},"end":{"line":50,"column":43}},"loc":{"start":{"line":50,"column":61},"end":{"line":55,"column":11}}},"6":{"name":"(anonymous_6)","decl":{"start":{"line":58,"column":6},"end":{"line":58,"column":9}},"loc":{"start":{"line":58,"column":9},"end":{"line":60,"column":7}}}},"branchMap":{"0":{"loc":{"start":{"line":2,"column":2},"end":{"line":2,"column":23}},"type":"if","locations":[{"start":{"line":2,"column":2},"end":{"line":2,"column":23}},{"start":{"line":2,"column":2},"end":{"line":2,"column":23}}]},"1":{"loc":{"start":{"line":3,"column":2},"end":{"line":3,"column":22}},"type":"if","locations":[{"start":{"line":3,"column":2},"end":{"line":3,"column":22}},{"start":{"line":3,"column":2},"end":{"line":3,"column":22}}]},"2":{"loc":{"start":{"line":23,"column":27},"end":{"line":23,"column":49}},"type":"default-arg","locations":[{"start":{"line":23,"column":27},"end":{"line":23,"column":49}}]},"3":{"loc":{"start":{"line":33,"column":8},"end":{"line":35,"column":null}},"type":"if","locations":[{"start":{"line":33,"column":8},"end":{"line":35,"column":null}},{"start":{"line":33,"column":8},"end":{"line":35,"column":null}}]},"4":{"loc":{"start":{"line":33,"column":12},"end":{"line":33,"column":16}},"type":"binary-expr","locations":[{"start":{"line":33,"column":12},"end":{"line":33,"column":16}},{"start":{"line":33,"column":20},"end":{"line":33,"column":39}}]},"5":{"loc":{"start":{"line":38,"column":8},"end":{"line":56,"column":null}},"type":"if","locations":[{"start":{"line":38,"column":8},"end":{"line":56,"column":null}},{"start":{"line":38,"column":8},"end":{"line":56,"column":null}}]},"6":{"loc":{"start":{"line":41,"column":16},"end":{"line":41,"column":43}},"type":"cond-expr","locations":[{"start":{"line":41,"column":16},"end":{"line":41,"column":43}},{"start":{"line":42,"column":16},"end":{"line":42,"column":33}}]},"7":{"loc":{"start":{"line":44,"column":16},"end":{"line":44,"column":43}},"type":"cond-expr","locations":[{"start":{"line":44,"column":16},"end":{"line":44,"column":43}},{"start":{"line":45,"column":16},"end":{"line":45,"column":33}}]},"8":{"loc":{"start":{"line":47,"column":42},"end":{"line":47,"column":57}},"type":"cond-expr","locations":[{"start":{"line":47,"column":42},"end":{"line":47,"column":57}},{"start":{"line":47,"column":60},"end":{"line":47,"column":70}}]},"9":{"loc":{"start":{"line":51,"column":40},"end":{"line":51,"column":51}},"type":"cond-expr","locations":[{"start":{"line":51,"column":40},"end":{"line":51,"column":51}},{"start":{"line":51,"column":54},"end":{"line":51,"column":55}}]},"10":{"loc":{"start":{"line":52,"column":40},"end":{"line":52,"column":51}},"type":"cond-expr","locations":[{"start":{"line":52,"column":40},"end":{"line":52,"column":51}},{"start":{"line":52,"column":54},"end":{"line":52,"column":55}}]},"11":{"loc":{"start":{"line":54,"column":42},"end":{"line":54,"column":57}},"type":"cond-expr","locations":[{"start":{"line":54,"column":42},"end":{"line":54,"column":57}},{"start":{"line":54,"column":60},"end":{"line":54,"column":70}}]}},"s":{"0":1,"1":0,"2":0,"3":0,"4":0,"5":0,"6":0,"7":0,"8":0,"9":0,"10":0,"11":0,"12":0,"13":0,"14":0,"15":0,"16":0,"17":0,"18":0,"19":0,"20":0,"21":0,"22":0,"23":0,"24":1},"f":{"0":0,"1":0,"2":0,"3":0,"4":0,"5":0,"6":0},"b":{"0":[0,0],"1":[0,0],"2":[0],"3":[0,0],"4":[0,0],"5":[0,0],"6":[0,0],"7":[0,0],"8":[0,0],"9":[0,0],"10":[0,0],"11":[0,0]}}
,"/Users/danpercic/Desktop/Repos/Personal/helpful-decorators/src/throttle.ts": {"path":"/Users/danpercic/Desktop/Repos/Personal/helpful-decorators/src/throttle.ts","statementMap":{"0":{"start":{"line":1,"column":0},"end":{"line":1,"column":39}},"1":{"start":{"line":9,"column":2},"end":{"line":16,"column":4}},"2":{"start":{"line":10,"column":24},"end":{"line":10,"column":44}},"3":{"start":{"line":11,"column":4},"end":{"line":14,"column":6}},"4":{"start":{"line":12,"column":24},"end":{"line":12,"column":84}},"5":{"start":{"line":13,"column":6},"end":{"line":13,"column":32}},"6":{"start":{"line":15,"column":4},"end":{"line":15,"column":26}},"7":{"start":{"line":8,"column":0},"end":{"line":8,"column":16}}},"fnMap":{"0":{"name":"Throttle","decl":{"start":{"line":8,"column":16},"end":{"line":8,"column":24}},"loc":{"start":{"line":8,"column":69},"end":{"line":17,"column":1}}},"1":{"name":"_throttle","decl":{"start":{"line":9,"column":18},"end":{"line":9,"column":27}},"loc":{"start":{"line":9,"column":102},"end":{"line":16,"column":3}}},"2":{"name":"_new","decl":{"start":{"line":11,"column":36},"end":{"line":11,"column":40}},"loc":{"start":{"line":11,"column":59},"end":{"line":14,"column":5}}}},"branchMap":{"0":{"loc":{"start":{"line":8,"column":40},"end":{"line":8,"column":41}},"type":"default-arg","locations":[{"start":{"line":8,"column":40},"end":{"line":8,"column":41}}]}},"s":{"0":1,"1":0,"2":0,"3":0,"4":0,"5":0,"6":0,"7":1},"f":{"0":0,"1":0,"2":0},"b":{"0":[0]}}
}
