TN:
SF:src/bind.ts
FN:9,Bind
FN:10,_bind
FN:17,(anonymous_2)
FNF:3
FNH:0
FNDA:0,Bind
FNDA:0,_bind
FNDA:0,(anonymous_2)
DA:9,1
DA:10,0
DA:11,0
DA:12,0
DA:15,0
DA:19,0
DA:20,0
DA:25,0
LF:8
LH:1
BRDA:11,0,0,0
BRDA:11,0,1,0
BRF:2
BRH:0
end_of_record
TN:
SF:src/debounce.ts
FN:9,Debounce
FN:10,_debounce
FN:14,_new
FNF:3
FNH:3
FNDA:1,Debounce
FNDA:1,_debounce
FNDA:2,_new
DA:1,1
DA:9,1
DA:10,1
DA:11,1
DA:12,1
DA:14,1
DA:15,2
DA:16,2
DA:17,2
DA:18,2
DA:20,2
DA:23,1
LF:12
LH:12
BRDA:9,0,0,0
BRDA:16,1,0,2
BRDA:16,1,1,0
BRF:3
BRH:1
end_of_record
TN:
SF:src/delay.ts
FN:1,Delay
FN:2,_delay
FN:5,_new
FN:6,(anonymous_3)
FNF:4
FNH:0
FNDA:0,Delay
FNDA:0,_delay
FNDA:0,_new
FNDA:0,(anonymous_3)
DA:1,1
DA:2,0
DA:3,0
DA:5,0
DA:6,0
DA:7,0
DA:10,0
LF:7
LH:1
BRDA:1,0,0,0
BRF:1
BRH:0
end_of_record
TN:
SF:src/index.ts
FN:1,(anonymous_0)
FN:2,(anonymous_1)
FN:3,(anonymous_2)
FN:4,(anonymous_3)
FN:5,(anonymous_4)
FN:6,(anonymous_5)
FN:7,(anonymous_6)
FN:8,(anonymous_7)
FN:9,(anonymous_8)
FNF:9
FNH:1
FNDA:0,(anonymous_0)
FNDA:0,(anonymous_1)
FNDA:1,(anonymous_2)
FNDA:0,(anonymous_3)
FNDA:0,(anonymous_4)
FNDA:0,(anonymous_5)
FNDA:0,(anonymous_6)
FNDA:0,(anonymous_7)
FNDA:0,(anonymous_8)
DA:1,1
DA:2,1
DA:3,2
DA:4,1
DA:5,1
DA:6,1
DA:7,1
DA:8,1
DA:9,1
LF:9
LH:9
BRF:0
BRH:0
end_of_record
TN:
SF:src/measure.ts
FN:3,Measure
FN:4,_measure
FN:8,_fn
FNF:3
FNH:0
FNDA:0,Measure
FNDA:0,_measure
FNDA:0,_fn
DA:1,1
DA:3,1
DA:4,0
DA:5,0
DA:6,0
DA:8,0
DA:9,0
DA:10,0
DA:11,0
DA:13,0
DA:14,0
DA:16,0
LF:12
LH:2
BRDA:6,0,0,0
BRDA:6,0,1,0
BRF:2
BRH:0
end_of_record
TN:
SF:src/memoize.ts
FN:3,Memo
FN:4,_memo
FNF:2
FNH:0
FNDA:0,Memo
FNDA:0,_memo
DA:1,1
DA:3,1
DA:4,0
DA:5,0
DA:6,0
LF:5
LH:2
BRF:0
BRH:0
end_of_record
TN:
SF:src/mixin.ts
FN:1,Mixin
FN:2,_mixin
FN:3,(anonymous_2)
FN:4,(anonymous_3)
FNF:4
FNH:0
FNDA:0,Mixin
FNDA:0,_mixin
FNDA:0,(anonymous_2)
FNDA:0,(anonymous_3)
DA:1,1
DA:2,0
DA:3,0
DA:4,0
DA:5,0
LF:5
LH:1
BRF:0
BRH:0
end_of_record
TN:
SF:src/once.ts
FN:3,Once
FN:4,_once
FNF:2
FNH:0
FNDA:0,Once
FNDA:0,_once
DA:1,1
DA:3,1
DA:4,0
DA:5,0
DA:6,0
DA:7,0
LF:6
LH:2
BRF:0
BRH:0
end_of_record
TN:
SF:src/sortby.ts
FN:1,(anonymous_0)
FN:21,SortBy
FN:26,_sortBy
FN:32,(anonymous_3)
FN:39,(anonymous_4)
FN:50,(anonymous_5)
FN:58,(anonymous_6)
FNF:7
FNH:0
FNDA:0,(anonymous_0)
FNDA:0,SortBy
FNDA:0,_sortBy
FNDA:0,(anonymous_3)
FNDA:0,(anonymous_4)
FNDA:0,(anonymous_5)
FNDA:0,(anonymous_6)
DA:1,1
DA:2,0
DA:3,0
DA:4,0
DA:21,1
DA:25,0
DA:26,0
DA:31,0
DA:33,0
DA:34,0
DA:37,0
DA:38,0
DA:39,0
DA:40,0
DA:43,0
DA:46,0
DA:47,0
DA:50,0
DA:51,0
DA:52,0
DA:53,0
DA:54,0
DA:59,0
LF:23
LH:2
BRDA:2,0,0,0
BRDA:2,0,1,0
BRDA:3,1,0,0
BRDA:3,1,1,0
BRDA:23,2,0,0
BRDA:33,3,0,0
BRDA:33,3,1,0
BRDA:33,4,0,0
BRDA:33,4,1,0
BRDA:38,5,0,0
BRDA:38,5,1,0
BRDA:41,6,0,0
BRDA:41,6,1,0
BRDA:44,7,0,0
BRDA:44,7,1,0
BRDA:47,8,0,0
BRDA:47,8,1,0
BRDA:51,9,0,0
BRDA:51,9,1,0
BRDA:52,10,0,0
BRDA:52,10,1,0
BRDA:54,11,0,0
BRDA:54,11,1,0
BRF:23
BRH:0
end_of_record
TN:
SF:src/throttle.ts
FN:8,Throttle
FN:9,_throttle
FN:11,_new
FNF:3
FNH:0
FNDA:0,Throttle
FNDA:0,_throttle
FNDA:0,_new
DA:1,1
DA:8,1
DA:9,0
DA:10,0
DA:11,0
DA:12,0
DA:13,0
DA:15,0
LF:8
LH:2
BRDA:8,0,0,0
BRF:1
BRH:0
end_of_record
